WARNING: A terminally deprecated method in sun.misc.Unsafe has been called
WARNING: sun.misc.Unsafe::staticFieldBase has been called by com.google.inject.internal.aop.HiddenClassDefiner (file:/Users/idolevi/.m2/wrapper/dists/apache-maven-3.9.11/a2d47e15/lib/guice-5.1.0-classes.jar)
WARNING: Please consider reporting this to the maintainers of class com.google.inject.internal.aop.HiddenClassDefiner
WARNING: sun.misc.Unsafe::staticFieldBase will be removed in a future release
[INFO] Scanning for projects...
[INFO] 
[INFO] -----------------< io.github.MrLevi1112:auth-service >------------------
[INFO] Building auth-service 0.0.1-SNAPSHOT
[INFO]   from pom.xml
[INFO] --------------------------------[ jar ]---------------------------------
[INFO] 
[INFO] >>> spring-boot:4.0.0:run (default-cli) > test-compile @ auth-service >>>
[INFO] 
[INFO] --- resources:3.3.1:resources (default-resources) @ auth-service ---
[INFO] Copying 2 resources from src/main/resources to target/classes
[INFO] Copying 0 resource from src/main/resources to target/classes
[INFO] 
[INFO] --- compiler:3.14.1:compile (default-compile) @ auth-service ---
[INFO] Nothing to compile - all classes are up to date.
[INFO] 
[INFO] --- resources:3.3.1:testResources (default-testResources) @ auth-service ---
[INFO] skip non existing resourceDirectory /Users/idolevi/Library/CloudStorage/OneDrive-Personal/Desktop/crash2cost/auth-service/src/test/resources
[INFO] 
[INFO] --- compiler:3.14.1:testCompile (default-testCompile) @ auth-service ---
[INFO] Nothing to compile - all classes are up to date.
[INFO] 
[INFO] <<< spring-boot:4.0.0:run (default-cli) < test-compile @ auth-service <<<
[INFO] 
[INFO] 
[INFO] --- spring-boot:4.0.0:run (default-cli) @ auth-service ---
[INFO] Attaching agents: []

  .   ____          _            __ _ _
 /\\ / ___'_ __ _ _(_)_ __  __ _ \ \ \ \
( ( )\___ | '_ | '_| | '_ \/ _` | \ \ \ \
 \\/  ___)| |_)| | | | | || (_| |  ) ) ) )
  '  |____| .__|_| |_|_| |_\__, | / / / /
 =========|_|==============|___/=/_/_/_/

 :: Spring Boot ::                (v4.0.0)

2025-12-18T12:04:06.841+02:00  INFO 93132 --- [crash2cost-api] [           main] i.g.m.a.AuthServiceApplication           : Starting AuthServiceApplication using Java 25.0.1 with PID 93132 (/Users/idolevi/Library/CloudStorage/OneDrive-Personal/Desktop/crash2cost/auth-service/target/classes started by idolevi in /Users/idolevi/Library/CloudStorage/OneDrive-Personal/Desktop/crash2cost/auth-service)
2025-12-18T12:04:06.842+02:00 DEBUG 93132 --- [crash2cost-api] [           main] i.g.m.a.AuthServiceApplication           : Running with Spring Boot v4.0.0, Spring v7.0.1
2025-12-18T12:04:06.842+02:00  INFO 93132 --- [crash2cost-api] [           main] i.g.m.a.AuthServiceApplication           : No active profile set, falling back to 1 default profile: "default"
2025-12-18T12:04:07.071+02:00  INFO 93132 --- [crash2cost-api] [           main] .s.d.r.c.RepositoryConfigurationDelegate : Bootstrapping Spring Data MongoDB repositories in DEFAULT mode.
2025-12-18T12:04:07.088+02:00  INFO 93132 --- [crash2cost-api] [           main] .s.d.r.c.RepositoryConfigurationDelegate : Finished Spring Data repository scanning in 15 ms. Found 3 MongoDB repository interfaces.
2025-12-18T12:04:07.236+02:00  INFO 93132 --- [crash2cost-api] [           main] o.s.boot.tomcat.TomcatWebServer          : Tomcat initialized with port 8002 (http)
2025-12-18T12:04:07.240+02:00  INFO 93132 --- [crash2cost-api] [           main] o.apache.catalina.core.StandardService   : Starting service [Tomcat]
2025-12-18T12:04:07.240+02:00  INFO 93132 --- [crash2cost-api] [           main] o.apache.catalina.core.StandardEngine    : Starting Servlet engine: [Apache Tomcat/11.0.14]
2025-12-18T12:04:07.252+02:00  INFO 93132 --- [crash2cost-api] [           main] b.w.c.s.WebApplicationContextInitializer : Root WebApplicationContext: initialization completed in 390 ms
2025-12-18T12:04:07.300+02:00  INFO 93132 --- [crash2cost-api] [           main] org.mongodb.driver.client                : MongoClient with metadata {"driver": {"name": "mongo-java-driver|spring-boot|sync", "version": "5.6.1"}, "os": {"type": "Darwin", "name": "Mac OS X", "architecture": "aarch64", "version": "26.2"}, "platform": "Java/Eclipse Adoptium/25.0.1+8-LTS"} created with settings MongoClientSettings{readPreference=primary, writeConcern=WriteConcern{w=null, wTimeout=null ms, journal=null}, retryWrites=true, retryReads=true, readConcern=ReadConcern{level=null}, credential=null, transportSettings=null, commandListeners=[], codecRegistry=ProvidersCodecRegistry{codecProviders=[ValueCodecProvider{}, BsonValueCodecProvider{}, DBRefCodecProvider{}, DBObjectCodecProvider{}, DocumentCodecProvider{}, CollectionCodecProvider{}, IterableCodecProvider{}, MapCodecProvider{}, GeoJsonCodecProvider{}, GridFSFileCodecProvider{}, Jsr310CodecProvider{}, JsonObjectCodecProvider{}, BsonCodecProvider{}, com.mongodb.client.model.mql.ExpressionCodecProvider@740a0d5e, com.mongodb.Jep395RecordCodecProvider@29013ef2, com.mongodb.KotlinCodecProvider@265c1a7c, EnumCodecProvider{}]}, loggerSettings=LoggerSettings{maxDocumentLength=1000}, clusterSettings={hosts=[localhost:27017], srvServiceName=mongodb, mode=SINGLE, requiredClusterType=UNKNOWN, requiredReplicaSetName='null', serverSelector='null', clusterListeners='[]', serverSelectionTimeout='30000 ms', localThreshold='15 ms'}, socketSettings=SocketSettings{connectTimeoutMS=10000, readTimeoutMS=0, receiveBufferSize=0, proxySettings=ProxySettings{host=null, port=null, username=null, password=null}}, heartbeatSocketSettings=SocketSettings{connectTimeoutMS=10000, readTimeoutMS=10000, receiveBufferSize=0, proxySettings=ProxySettings{host=null, port=null, username=null, password=null}}, connectionPoolSettings=ConnectionPoolSettings{maxSize=100, minSize=0, maxWaitTimeMS=120000, maxConnectionLifeTimeMS=0, maxConnectionIdleTimeMS=0, maintenanceInitialDelayMS=0, maintenanceFrequencyMS=60000, connectionPoolListeners=[], maxConnecting=2}, serverSettings=ServerSettings{heartbeatFrequencyMS=10000, minHeartbeatFrequencyMS=500, serverMonitoringMode=AUTO, serverListeners='[]', serverMonitorListeners='[]'}, sslSettings=SslSettings{enabled=false, invalidHostNameAllowed=false, context=null}, applicationName='null', compressorList=[], uuidRepresentation=UNSPECIFIED, serverApi=null, autoEncryptionSettings=null, dnsClient=null, inetAddressResolver=null, contextProvider=null, timeoutMS=null}
2025-12-18T12:04:07.310+02:00  INFO 93132 --- [crash2cost-api] [localhost:27017] org.mongodb.driver.cluster               : Monitor thread successfully connected to server with description ServerDescription{address=localhost:27017, type=STANDALONE, cryptd=false, state=CONNECTED, ok=true, minWireVersion=0, maxWireVersion=25, maxDocumentSize=16777216, logicalSessionTimeoutMinutes=30, roundTripTimeNanos=5711250, minRoundTripTimeNanos=0}
2025-12-18T12:04:07.415+02:00 DEBUG 93132 --- [crash2cost-api] [           main] i.g.m.a.s.JwtAuthenticationFilter        : Filter 'jwtAuthenticationFilter' configured for use
2025-12-18T12:04:07.438+02:00  INFO 93132 --- [crash2cost-api] [           main] eAuthenticationProviderManagerConfigurer : Global AuthenticationManager configured with AuthenticationProvider bean with name authenticationProvider
2025-12-18T12:04:07.438+02:00  WARN 93132 --- [crash2cost-api] [           main] r$InitializeUserDetailsManagerConfigurer : Global AuthenticationManager configured with an AuthenticationProvider bean. UserDetailsService beans will not be used by Spring Security for automatically configuring username/password login. Consider removing the AuthenticationProvider bean. Alternatively, consider using the UserDetailsService in a manually instantiated DaoAuthenticationProvider. If the current configuration is intentional, to turn off this warning, increase the logging level of 'org.springframework.security.config.annotation.authentication.configuration.InitializeUserDetailsBeanManagerConfigurer' to ERROR
2025-12-18T12:04:07.537+02:00 DEBUG 93132 --- [crash2cost-api] [           main] o.s.s.web.DefaultSecurityFilterChain     : Will secure any request with filters: DisableEncodeUrlFilter, WebAsyncManagerIntegrationFilter, SecurityContextHolderFilter, HeaderWriterFilter, LogoutFilter, JwtAuthenticationFilter, RequestCacheAwareFilter, SecurityContextHolderAwareRequestFilter, AnonymousAuthenticationFilter, SessionManagementFilter, ExceptionTranslationFilter, AuthorizationFilter
2025-12-18T12:04:07.650+02:00  INFO 93132 --- [crash2cost-api] [           main] o.s.boot.tomcat.TomcatWebServer          : Tomcat started on port 8002 (http) with context path '/'
2025-12-18T12:04:07.652+02:00  INFO 93132 --- [crash2cost-api] [           main] i.g.m.a.AuthServiceApplication           : Started AuthServiceApplication in 0.97 seconds (process running for 1.089)
2025-12-18T12:04:31.388+02:00  INFO 93132 --- [crash2cost-api] [nio-8002-exec-1] o.a.c.c.C.[Tomcat].[localhost].[/]       : Initializing Spring DispatcherServlet 'dispatcherServlet'
2025-12-18T12:04:31.388+02:00  INFO 93132 --- [crash2cost-api] [nio-8002-exec-1] o.s.web.servlet.DispatcherServlet        : Initializing Servlet 'dispatcherServlet'
2025-12-18T12:04:31.389+02:00  INFO 93132 --- [crash2cost-api] [nio-8002-exec-1] o.s.web.servlet.DispatcherServlet        : Completed initialization in 1 ms
2025-12-18T12:04:31.391+02:00 DEBUG 93132 --- [crash2cost-api] [nio-8002-exec-1] o.s.security.web.FilterChainProxy        : Securing POST /api/auth/signup
2025-12-18T12:04:31.393+02:00 DEBUG 93132 --- [crash2cost-api] [nio-8002-exec-1] o.s.s.w.a.AnonymousAuthenticationFilter  : Set SecurityContextHolder to anonymous SecurityContext
2025-12-18T12:04:31.394+02:00 DEBUG 93132 --- [crash2cost-api] [nio-8002-exec-1] o.s.security.web.FilterChainProxy        : Secured POST /api/auth/signup
